Flutter crash report.
Please report a bug at https://github.com/flutter/flutter/issues.

## command

flutter pub add path=C:\5th Semester\Flutter Project\project\lib

## exception

FileSystemException: FileSystemException: Exists failed, path = 'C:\5th Semester\Flutter Project\path=C:\5th Semester\Flutter Project\project\lib' (OS Error: The filename, directory name, or volume label syntax is incorrect.
, errno = 123)

```
#0      _Directory.existsSync (dart:io/directory_impl.dart:87:7)
#1      ForwardingFileSystemEntity.existsSync (package:file/src/forwarding/forwarding_file_system_entity.dart:43:33)
#2      ErrorHandlingDirectory.existsSync.<anonymous closure> (package:flutter_tools/src/base/error_handling_io.dart:503:22)
#3      _runSync (package:flutter_tools/src/base/error_handling_io.dart:600:14)
#4      ErrorHandlingDirectory.existsSync (package:flutter_tools/src/base/error_handling_io.dart:502:12)
#5      findProjectRoot (package:flutter_tools/src/base/os.dart:621:27)
#6      PackagesGetCommand.runCommand (package:flutter_tools/src/commands/packages.dart:267:18)
#7      FlutterCommand.verifyThenRunCommand (package:flutter_tools/src/runner/flutter_command.dart:1815:12)
<asynchronous suspension>
#8      FlutterCommand.run.<anonymous closure> (package:flutter_tools/src/runner/flutter_command.dart:1450:27)
<asynchronous suspension>
#9      AppContext.run.<anonymous closure> (package:flutter_tools/src/base/context.dart:153:19)
<asynchronous suspension>
#10     CommandRunner.runCommand (package:args/command_runner.dart:212:13)
<asynchronous suspension>
#11     FlutterCommandRunner.runCommand.<anonymous closure> (package:flutter_tools/src/runner/flutter_command_runner.dart:421:9)
<asynchronous suspension>
#12     AppContext.run.<anonymous closure> (package:flutter_tools/src/base/context.dart:153:19)
<asynchronous suspension>
#13     FlutterCommandRunner.runCommand (package:flutter_tools/src/runner/flutter_command_runner.dart:364:5)
<asynchronous suspension>
#14     run.<anonymous closure>.<anonymous closure> (package:flutter_tools/runner.dart:131:9)
<asynchronous suspension>
#15     AppContext.run.<anonymous closure> (package:flutter_tools/src/base/context.dart:153:19)
<asynchronous suspension>
#16     main (package:flutter_tools/executable.dart:94:3)
<asynchronous suspension>
```

## flutter doctor

```
[32m[✓][39m Flutter (Channel stable, 3.27.2, on Microsoft Windows [Version 10.0.22631.4751], locale en-IN)
    [32m•[39m Flutter version 3.27.2 on channel stable at C:\flutter
    [32m•[39m Upstream repository https://github.com/flutter/flutter.git
    [32m•[39m Framework revision 68415ad1d9 (4 days ago), 2025-01-13 10:22:03 -0800
    [32m•[39m Engine revision e672b006cb
    [32m•[39m Dart version 3.6.1
    [32m•[39m DevTools version 2.40.2

[32m[✓][39m Windows Version (Installed version of Windows is version 10 or higher)

[32m[✓][39m Android toolchain - develop for Android devices (Android SDK version 34.0.0)
    [32m•[39m Android SDK at C:\Users\shaik\AppData\Local\Android\sdk
    [32m•[39m Platform android-34, build-tools 34.0.0
    [32m•[39m Java binary at: C:\Program Files\Java\jdk-23\bin\java
    [32m•[39m Java version Java(TM) SE Runtime Environment (build 23.0.1+11-39)
    [32m•[39m All Android licenses accepted.

[32m[✓][39m Chrome - develop for the web
    [32m•[39m Chrome at C:\Program Files\Google\Chrome\Application\chrome.exe

[32m[✓][39m Visual Studio - develop Windows apps (Visual Studio Build Tools 2019 16.11.40)
    [32m•[39m Visual Studio at C:\Program Files (x86)\Microsoft Visual Studio\2019\BuildTools
    [32m•[39m Visual Studio Build Tools 2019 version 16.11.35229.62
    [32m•[39m Windows 10 SDK version 10.0.19041.0

[33m[!][39m Android Studio (version 2024.1)
    [32m•[39m Android Studio at C:\Program Files\Android\Android Studio
    [32m•[39m Flutter plugin can be installed from:
      🔨 https://plugins.jetbrains.com/plugin/9212-flutter
    [32m•[39m Dart plugin can be installed from:
      🔨 https://plugins.jetbrains.com/plugin/6351-dart
    [31m✗[39m Unable to determine bundled Java version.
    [32m•[39m Try updating or re-installing Android Studio.

[32m[✓][39m Android Studio (version 2024.2)
    [32m•[39m Android Studio at C:\Program Files\Android\Android Studio1
    [32m•[39m Flutter plugin can be installed from:
      🔨 https://plugins.jetbrains.com/plugin/9212-flutter
    [32m•[39m Dart plugin can be installed from:
      🔨 https://plugins.jetbrains.com/plugin/6351-dart
    [32m•[39m Java version OpenJDK Runtime Environment (build 21.0.4+-12508038-b607.1)

[32m[✓][39m IntelliJ IDEA Community Edition (version 2024.3)
    [32m•[39m IntelliJ at C:\Program Files\JetBrains\IntelliJ IDEA Community Edition 2024.3.1.1
    [32m•[39m Flutter plugin can be installed from:
      🔨 https://plugins.jetbrains.com/plugin/9212-flutter
    [32m•[39m Dart plugin can be installed from:
      🔨 https://plugins.jetbrains.com/plugin/6351-dart

[32m[✓][39m VS Code (version 1.96.4)
    [32m•[39m VS Code at C:\Users\shaik\AppData\Local\Programs\Microsoft VS Code
    [32m•[39m Flutter extension version 3.102.0

[32m[✓][39m Connected device (3 available)
    [32m•[39m Windows (desktop) • windows • windows-x64    • Microsoft Windows [Version 10.0.22631.4751]
    [32m•[39m Chrome (web)      • chrome  • web-javascript • Google Chrome 131.0.6778.266
    [32m•[39m Edge (web)        • edge    • web-javascript • Microsoft Edge 131.0.2903.146

[32m[✓][39m Network resources
    [32m•[39m All expected network resources are available.

[33m![39m Doctor found issues in 1 category.
```
